-------------------------------------------------------------------------------
Test set: dk.sdu.mmmi.Enemy.EnemyProcessorTest
-------------------------------------------------------------------------------
Tests run: 1, Failures: 0, Errors: 1, Skipped: 0, Time elapsed: 1.035 s <<< FAILURE! - in dk.sdu.mmmi.Enemy.EnemyProcessorTest
dk.sdu.mmmi.Enemy.EnemyProcessorTest.testProcess  Time elapsed: 1.017 s  <<< ERROR!
java.lang.NullPointerException
	at dk.sdu.mmmi.Enemy.EnemyProcessorTest.testProcess(EnemyProcessorTest.java:75)

