-------------------------------------------------------------------------------
Test set: dk.sdu.mmmi.Enemy.EnemyProcessorTest
-------------------------------------------------------------------------------
Tests run: 1, Failures: 1, Errors: 0, Skipped: 0, Time elapsed: 0.462 s <<< FAILURE! - in dk.sdu.mmmi.Enemy.EnemyProcessorTest
dk.sdu.mmmi.Enemy.EnemyProcessorTest.testProcess  Time elapsed: 0.015 s  <<< FAILURE!
org.opentest4j.AssertionFailedError: expected: not equal but was: <0.0>
	at dk.sdu.mmmi.Enemy.EnemyProcessorTest.testProcess(EnemyProcessorTest.java:130)

