<?xml version="1.0" encoding="UTF-8"?>
<testsuite xmlns:xsi="http://www.w3.org/2001/XMLSchema-instance" xsi:noNamespaceSchemaLocation="https://maven.apache.org/surefire/maven-surefire-plugin/xsd/surefire-test-report-3.0.xsd" version="3.0" name="dk.sdu.mmmi.Enemy.EnemyProcessorTest" time="0.462" tests="1" errors="0" skipped="0" failures="1">
  <properties>
[...]
</properties>
  <testcase name="testProcess" classname="dk.sdu.mmmi.Enemy.EnemyProcessorTest" time="0.015">
    <failure type="org.opentest4j.AssertionFailedError"><![CDATA[org.opentest4j.AssertionFailedError: expected: not equal but was: <0.0>
	at dk.sdu.mmmi.Enemy.EnemyProcessorTest.testProcess(EnemyProcessorTest.java:130)
]]></failure>
  </testcase>
</testsuite>